Web server listening at: http://localhost:3000
Browse your REST API at http://localhost:3000/explorer
Web server listening at: http://localhost:3000
Browse your REST API at http://localhost:3000/explorer
Web server listening at: http://localhost:3000
Browse your REST API at http://localhost:3000/explorer
[ { sid: 'focus',
    sname: 'Focus',
    author: 'FOCUS Ticker/DPA',
    title: 'Primera Division - Athletic Bilbao gegen Real Madrid live - 0:0',
    description: '',
    url: 'https://www.focus.de/sport/fussball/primeradivision/primera-division-vorbericht_id_9599010.html',
    urlToImage: 'https://www.focus.de/resources/ver1-0/pics/fol/focus_online_badge_1200x627px.jpg',
    publishedAt: 2018-09-15T17:44:43.000Z,
    content: 'Vielen Dank! Ihr Kommentar wurde abgeschickt. Hier können Sie selbst Artikel verfassen: Bericht schreiben Im Interesse unserer User behalten wir uns vor, jeden Beitrag vor der Veröffentlichung zu prüfen. Als registrierter Nutzer werden Sie automatisch per E-M… [+59 chars]',
    id: 1 },
  { sid: 'focus',
    sname: 'Focus',
    author: 'FOCUS Ticker/DPA',
    title: 'Premiere League - FC Everton gegen Huddersfield Town live - 0:0',
    description: '',
    url: 'https://www.focus.de/sport/fussball/premierleague/premiere-league-vorbericht_id_9516574.html',
    urlToImage: 'https://www.focus.de/resources/ver1-0/pics/fol/focus_online_badge_1200x627px.jpg',
    publishedAt: 2018-09-01T13:02:32.000Z,
    content: 'Vielen Dank! Ihr Kommentar wurde abgeschickt. Hier können Sie selbst Artikel verfassen: Bericht schreiben Im Interesse unserer User behalten wir uns vor, jeden Beitrag vor der Veröffentlichung zu prüfen. Als registrierter Nutzer werden Sie automatisch per E-M… [+59 chars]',
    id: 2 },
  { sid: 'focus',
    sname: 'Focus',
    author: 'FOCUS Ticker/DPA',
    title: 'Premiere League - Leicester City gegen FC Liverpool live - 0:0',
    description: '',
    url: 'https://www.focus.de/sport/fussball/premierleague/premiere-league-vorbericht_id_9516228.html',
    urlToImage: 'https://www.focus.de/resources/ver1-0/pics/fol/focus_online_badge_1200x627px.jpg',
    publishedAt: 2018-09-01T10:35:52.000Z,
    content: 'Vielen Dank! Ihr Kommentar wurde abgeschickt. Hier können Sie selbst Artikel verfassen: Bericht schreiben Im Interesse unserer User behalten wir uns vor, jeden Beitrag vor der Veröffentlichung zu prüfen. Als registrierter Nutzer werden Sie automatisch per E-M… [+59 chars]',
    id: 3 },
  { sid: 'focus',
    sname: 'Focus',
    author: 'FOCUS Ticker/DPA',
    title: 'Premiere League - Brighton & Hove Albion gegen Manchester United live - 0:0',
    description: '',
    url: 'https://www.focus.de/sport/fussball/premierleague/premiere-league-vorbericht_id_9440692.html',
    urlToImage: 'https://www.focus.de/resources/ver1-0/pics/fol/focus_online_badge_1200x627px.jpg',
    publishedAt: 2018-08-19T14:01:47.000Z,
    content: 'Vielen Dank! Ihr Kommentar wurde abgeschickt. Hier können Sie selbst Artikel verfassen: Bericht schreiben Im Interesse unserer User behalten wir uns vor, jeden Beitrag vor der Veröffentlichung zu prüfen. Als registrierter Nutzer werden Sie automatisch per E-M… [+59 chars]',
    id: 4 },
  { sid: 'focus',
    sname: 'Focus',
    author: 'Stockpulse',
    title: '- Packaging Of America, Kansas City Southern, Ford Motor: hoher Buzz in Social Media bei diesen Aktien aus USA',
    description: '',
    url: 'https://www.focus.de/finanzen/boerse/f100/stockpulse/packaging-of-america-kansas-city-southern-ford-motor-hoher-buzz-in-social-media-bei-diesen-aktien-aus-usa_id_9524760.html',
    urlToImage: 'https://p5.focus.de/img/stockpulse/crop9524759/0522714686-w1200-h627-o-q75-p5/compressed-bed3247b-89b1-4f1b-9b1c-c51977f3f378dow-jones-industrial-average-4-neutral.jpg',
    publishedAt: 2018-09-03T14:04:05.000Z,
    content: 'Rang Aktie ISIN Buzz 1 Packaging Of America US6951561090 458% 2 Kansas City Southern US4851703029 276% 3 Ford Motor US3453708600 212% 4 JB Hunt Transport Services US4456581077 193% 5 Mattel US5770811025 179% 6 Cincinnati US1720621010 177% 7 Flavors &amp; Frag… [+1153 chars]',
    id: 6 },
  { sid: 'focus',
    sname: 'Focus',
    author: 'Stockpulse',
    title: '- S&T: Hedgefonds Marshall Wace baut Short-Position aus',
    description: '',
    url: 'https://www.focus.de/finanzen/boerse/f100/stockpulse/s-amp-t-hedgefonds-marshall-wace-baut-short-position-aus_id_9628572.html',
    urlToImage: 'https://p5.focus.de/img/stockpulse/crop9628571/8942711076-w1200-h627-o-q75-p5/compressed-f508f2a4-46fe-41af-be10-8d1114146b40short-sell-1.jpg',
    publishedAt: 2018-09-20T13:08:06.000Z,
    content: 'Das Unternehmen hat seine Netto-Leerverkaufsposition bei S&amp;T erhöht, von 0,96 Prozent auf 1,01 Prozent. Auf der Basis der aktuellen Marktkapitalisierung der Aktie entspricht das einer Aufstockung der Position um 829,1 Tsd Euro. Dies geht aus einer Meldung… [+1455 chars]',
    id: 134670 } ]
[ { sid: 'cnn',
    sname: 'CNN',
    author: 'Nathaniel Meyersohn',
    title: 'Walmart is where the trade war comes home',
    description: 'The latest round of tariffs brings the White House\'s trade war with China directly to the country\'s largest retailers and the consumer products they sell.',
    url: 'https://money.cnn.com/2018/09/19/news/companies/walmart-tariffs-trump-china/index.html',
    urlToImage: 'https://i2.cdn.turner.com/money/dam/assets/180918092235-walmart-trade-war-file-780x439.jpg',
    publishedAt: 2018-09-19T14:20:52.000Z,
    content: 'Two weeks ago, Walmart asked the Trump administration to walk back its plan to put tariffs on Christmas lights, shampoo, dog food, luggage, mattresses, handbags, backpacks, vacuum cleaners, bicycles, cooking grills, cable cords and air conditioners. "We are v… [+5128 chars]',
    id: 1627 },
  { sid: 'cnn',
    sname: 'CNN',
    author: 'Kevin Liptak, CNN',
    title: 'Trump says he wants to see Kavanaugh\'s accuser testify',
    description: 'President Donald Trump said Wednesday he wanted to see his Supreme Court nominee Brett Kavanaugh\'s accuser, Christine Blasey Ford, testify publicly.',
    url: 'https://www.cnn.com/2018/09/19/politics/donald-trump-christine-blasey-ford-kavanaugh/index.html',
    urlToImage: 'https://cdn.cnn.com/cnnnext/dam/assets/180917231601-trump-kavanaugh-split-super-tease.jpg',
    publishedAt: 2018-09-19T14:17:04.000Z,
    content: 'Washington (CNN) President Donald Trump said Wednesday he wanted to see his Supreme Court nominee Brett Kavanaugh\'s accuser, Christine Blasey Ford, testify publicly. "I really want to see her. I really would want to see what she has to say. But I want to give… [+1122 chars]',
    id: 1628 },
  { sid: 'cnn',
    sname: 'CNN',
    author: null,
    title: 'Trump calls Kavanaugh \'an extraordinary man\'',
    description: 'President Donald Trump says he believes Judge Brett Kavanaugh is "an extraordinary man" and he wants to hear from Kavanaugh\'s accuser Christine Blasey Ford.',
    url: 'https://www.cnn.com/videos/politics/2018/09/19/trump-comments-on-brett-kavanaugh-accusations-sot-nr-vpx.cnn',
    urlToImage: 'https://cdn.cnn.com/cnnnext/dam/assets/180919093742-01-trump-departure-comments-0919-super-tease.jpg',
    publishedAt: 2018-09-19T14:10:30.000Z,
    content: 'Chat with us in Facebook Messenger. Find out what\'s happening in the world as it unfolds.',
    id: 1629 },
  { sid: 'cnn',
    sname: 'CNN',
    author: 'Lisa Respers France, CNN',
    title: 'Jessica Simpson is expecting baby No. 3',
    description: 'The singer and ex-reality TV star shares on her official Instagram account that she and husband Eric Johnson are expecting their third child, a girl.',
    url: 'https://www.cnn.com/2018/09/19/entertainment/jessica-simpson-baby/index.html',
    urlToImage: 'https://cdn.cnn.com/cnnnext/dam/assets/180919084616-jessica-simpson-eric-johnson-whca-2014-super-tease.jpg',
    publishedAt: 2018-09-19T14:06:18.000Z,
    content: null,
    id: 1630 },
  { sid: 'cnn',
    sname: 'CNN',
    author: 'Brian Lowry, CNN',
    title: 'Gilda Radner sweetly remembered in \'Love, Gilda\'',
    description: 'Drawing from a trove of diaries and audiotapes, "Love, Gilda" is a bittersweet, nostalgic ode to Gilda Radner, one of "Saturday Night Live\'s" original Not Ready for Primetime Players, who died far too young. Deeply personal, this first-rate CNN Films document…',
    url: 'https://www.cnn.com/2018/09/19/entertainment/love-gilda-review/index.html',
    urlToImage: 'https://cdn.cnn.com/cnnnext/dam/assets/180917101743-love-gilda-super-tease.jpg',
    publishedAt: 2018-09-19T13:40:40.000Z,
    content: '(CNN) Drawing from a trove of diaries and audiotapes, "Love, Gilda" is a bittersweet, nostalgic ode to Gilda Radner, one of "Saturday Night Live\'s" original Not Ready for Primetime Players, who died far too young. Deeply personal, this first-rate CNN Films do… [+2717 chars]',
    id: 1631 },
  { sid: 'cnn',
    sname: 'CNN',
    author: 'Paul R. La Monica',
    title: 'Don\'t cut your credit cards yet -- or sell MasterCard, Visa and AmEx',
    description: 'Credit card stocks are near all-time highs, even as consumers shift to digital payment platforms.',
    url: 'https://money.cnn.com/2018/09/19/investing/credit-cards-visa-mastercard-american-express-stocks/index.html',
    urlToImage: 'https://i2.cdn.turner.com/money/dam/assets/180918093110-visa-mastercard-swipe-fees-780x439.jpg',
    publishedAt: 2018-09-19T13:28:20.000Z,
    content: 'The demise of the credit card is greatly exaggerated. Yes, companies like Square ( SQ ) and PayPal ( PYPL ), which owns Venmo, are red hot -- especially with millennials. But the stocks of American Express, Visa and MasterCard have all hit record highs in the… [+3315 chars]',
    id: 1632 },
  { sid: 'cnn',
    sname: 'CNN',
    author: 'Analysis by Chris Cillizza, CNN Editor-at-large',
    title: 'Analysis: Republicans\' giant gamble on Brett Kavanaugh',
    description: 'It all happened very quickly.',
    url: 'https://www.cnn.com/2018/09/19/politics/brett-kavanaugh-christine-blasey-ford-senate/index.html',
    urlToImage: 'https://cdn.cnn.com/cnnnext/dam/assets/180904111600-18-kavanaugh-hearing-0904-super-tease.jpg',
    publishedAt: 2018-09-19T13:21:45.000Z,
    content: null,
    id: 1633 },
  { sid: 'cnn',
    sname: 'CNN',
    author: 'Eliott C. McLaughlin, CNN',
    title: '2 inmates drown in police van swept away by Florence flooding - CNN',
    description: 'CNN 2 inmates drown in police van swept away by Florence flooding CNN (CNN) Two South Carolina inmates drowned in a prison transport van when floodwater from the aftermath of Hurricane Florence overtook the vehicle, according to the Horry County Sheriff\'s Off…',
    url: 'https://www.cnn.com/2018/09/19/us/south-carolina-inmates-drown-flood-florence/index.html',
    urlToImage: 'https://cdn.cnn.com/cnnnext/dam/assets/150325082152-social-gfx-cnn-logo-super-tease.jpg',
    publishedAt: 2018-09-19T13:09:03.000Z,
    content: null,
    id: 1634 },
  { sid: 'cnn',
    sname: 'CNN',
    author: 'Frida Ghitis',
    title: 'Why world is watching Kavanaugh drama',
    description: 'One of the most telling comments about the perils facing Judge Brett Kavanaugh came from someone described as "a lawyer close to the White House," who told Politico that if Kavanaugh\'s Supreme Court nomination is defeated by an allegation of sexual assault, w…',
    url: 'https://www.cnn.com/2018/09/19/opinions/brett-kavanaugh-scramble-metoo-global-ghitis/index.html',
    urlToImage: 'https://cdn.cnn.com/cnnnext/dam/assets/180917080458-04-brett-kavanaugh-09-17-2018-super-tease.jpg',
    publishedAt: 2018-09-19T12:53:28.000Z,
    content: 'Frida Ghitis, a former CNN producer and correspondent, is a world affairs columnist. She is a frequent opinion contributor to CNN and The Washington Post and a columnist for World Politics Review. The opinions expressed in this commentary are those of the aut… [+6425 chars]',
    id: 1635 },
  { sid: 'cnn',
    sname: 'CNN',
    author: 'Rob Picheta, CNN',
    title: 'Yogurts deceptively high in sugar, study finds',
    description: 'Most yogurts have deceptively high levels of sugar, with organic yogurts among the worst offenders, a new study warned.',
    url: 'https://www.cnn.com/2018/09/19/health/yogurt-high-sugar-intl/index.html',
    urlToImage: 'https://cdn.cnn.com/cnnnext/dam/assets/180919070144-yogurts-high-sugar-content-super-tease.jpg',
    publishedAt: 2018-09-19T12:53:20.000Z,
    content: 'London (CNN) Most yogurts have deceptively high levels of sugar, with organic yogurts among the worst offenders, a new study warned. Researchers analyzed more than 900 yogurt brands found in UK supermarkets and found that only 9% can be classed as low in suga… [+2446 chars]',
    id: 1636 } ]
Web server listening at: http://localhost:3000
Browse your REST API at http://localhost:3000/explorer
Unhandled error for request GET /exploder: Error: Cannot GET /exploder
    at raiseUrlNotFoundError (/www/node_modules/loopback/server/middleware/url-not-found.js:21:17)
    at Layer.handle [as handle_request] (/www/node_modules/express/lib/router/layer.js:95:5)
    at trim_prefix (/www/node_modules/express/lib/router/index.js:317:13)
    at /www/node_modules/express/lib/router/index.js:284:7
    at Function.process_params (/www/node_modules/express/lib/router/index.js:335:12)
    at next (/www/node_modules/express/lib/router/index.js:275:10)
    at /www/node_modules/express/lib/router/index.js:635:15
    at next (/www/node_modules/express/lib/router/index.js:260:14)
    at Function.handle (/www/node_modules/express/lib/router/index.js:174:3)
    at router (/www/node_modules/express/lib/router/index.js:47:12)
    at Layer.handle [as handle_request] (/www/node_modules/express/lib/router/layer.js:95:5)
    at trim_prefix (/www/node_modules/express/lib/router/index.js:317:13)
    at /www/node_modules/express/lib/router/index.js:284:7
    at Function.process_params (/www/node_modules/express/lib/router/index.js:335:12)
    at next (/www/node_modules/express/lib/router/index.js:275:10)
    at nosniff (/www/node_modules/dont-sniff-mimetype/index.js:4:5)
Web server listening at: http://localhost:3000
Browse your REST API at http://localhost:3000/explorer
Web server listening at: http://localhost:3000
Browse your REST API at http://localhost:3000/explorer
