0 info it worked if it ends with ok
1 verbose cli [ 'node',
1 verbose cli   '/usr/bin/npm',
1 verbose cli   'install',
1 verbose cli   '-g',
1 verbose cli   '--unsafe-perm',
1 verbose cli   'install',
1 verbose cli   'strongloop' ]
2 info using npm@1.3.6
3 info using node@v0.10.48
4 verbose cache add [ 'install', null ]
5 verbose cache add name=undefined spec="install" args=["install",null]
6 verbose parsed url { protocol: null,
6 verbose parsed url   slashes: null,
6 verbose parsed url   auth: null,
6 verbose parsed url   host: null,
6 verbose parsed url   port: null,
6 verbose parsed url   hostname: null,
6 verbose parsed url   hash: null,
6 verbose parsed url   search: null,
6 verbose parsed url   query: null,
6 verbose parsed url   pathname: 'install',
6 verbose parsed url   path: 'install',
6 verbose parsed url   href: 'install' }
7 verbose cache add [ 'strongloop', null ]
8 verbose cache add name=undefined spec="strongloop" args=["strongloop",null]
9 verbose parsed url { protocol: null,
9 verbose parsed url   slashes: null,
9 verbose parsed url   auth: null,
9 verbose parsed url   host: null,
9 verbose parsed url   port: null,
9 verbose parsed url   hostname: null,
9 verbose parsed url   hash: null,
9 verbose parsed url   search: null,
9 verbose parsed url   query: null,
9 verbose parsed url   pathname: 'strongloop',
9 verbose parsed url   path: 'strongloop',
9 verbose parsed url   href: 'strongloop' }
10 silly lockFile 89fb511f-install install
11 verbose lock install /root/.npm/89fb511f-install.lock
12 silly lockFile 89a5b0e6-strongloop strongloop
13 verbose lock strongloop /root/.npm/89a5b0e6-strongloop.lock
14 silly lockFile 89fb511f-install install
15 silly lockFile 89fb511f-install install
16 silly lockFile 89a5b0e6-strongloop strongloop
17 silly lockFile 89a5b0e6-strongloop strongloop
18 verbose addNamed [ 'install', '' ]
19 verbose addNamed [ null, '*' ]
20 silly lockFile cadb329f-install install@
21 verbose lock install@ /root/.npm/cadb329f-install.lock
22 verbose addNamed [ 'strongloop', '' ]
23 verbose addNamed [ null, '*' ]
24 silly lockFile 9938bed3-strongloop strongloop@
25 verbose lock strongloop@ /root/.npm/9938bed3-strongloop.lock
26 silly addNameRange { name: 'install', range: '*', hasData: false }
27 silly addNameRange { name: 'strongloop', range: '*', hasData: false }
28 verbose url raw install
29 verbose url resolving [ 'https://registry.npmjs.org/', './install' ]
30 verbose url resolved https://registry.npmjs.org/install
31 info trying registry request attempt 1 at 07:06:04
32 http GET https://registry.npmjs.org/install
33 verbose url raw strongloop
34 verbose url resolving [ 'https://registry.npmjs.org/', './strongloop' ]
35 verbose url resolved https://registry.npmjs.org/strongloop
36 info trying registry request attempt 1 at 07:06:04
37 http GET https://registry.npmjs.org/strongloop
38 info retry will retry, error on last attempt: Error: CERT_UNTRUSTED
39 info retry will retry, error on last attempt: Error: CERT_UNTRUSTED
40 info trying registry request attempt 2 at 07:06:14
41 http GET https://registry.npmjs.org/strongloop
42 info trying registry request attempt 2 at 07:06:14
43 http GET https://registry.npmjs.org/install
44 info retry will retry, error on last attempt: Error: CERT_UNTRUSTED
45 info retry will retry, error on last attempt: Error: CERT_UNTRUSTED
46 info trying registry request attempt 3 at 07:07:14
47 http GET https://registry.npmjs.org/install
48 info trying registry request attempt 3 at 07:07:14
49 http GET https://registry.npmjs.org/strongloop
50 silly lockFile 9938bed3-strongloop strongloop@
51 silly lockFile 9938bed3-strongloop strongloop@
52 error Error: CERT_UNTRUSTED
52 error     at SecurePair.<anonymous> (tls.js:1430:32)
52 error     at SecurePair.emit (events.js:92:17)
52 error     at SecurePair.maybeInitFinished (tls.js:1029:10)
52 error     at CleartextStream.read [as _read] (tls.js:521:13)
52 error     at CleartextStream.Readable.read (_stream_readable.js:341:10)
52 error     at EncryptedStream.write [as _write] (tls.js:418:25)
52 error     at doWrite (_stream_writable.js:226:10)
52 error     at writeOrBuffer (_stream_writable.js:216:5)
52 error     at EncryptedStream.Writable.write (_stream_writable.js:183:11)
52 error     at write (_stream_readable.js:602:24)
52 error     at flow (_stream_readable.js:611:7)
52 error     at Socket.pipeOnReadable (_stream_readable.js:643:5)
53 error If you need help, you may report this log at:
53 error     <http://github.com/isaacs/npm/issues>
53 error or email it to:
53 error     <npm-@googlegroups.com>
54 error System Linux 2.6.32-431.3.1.el6.x86_64
55 error command "node" "/usr/bin/npm" "install" "-g" "--unsafe-perm" "install" "strongloop"
56 error cwd /www
57 error node -v v0.10.48
58 error npm -v 1.3.6
59 verbose exit [ 1, true ]
